<?xml version="1.0" encoding="UTF-8"?>
<!-- Generated by org.testng.reporters.JUnitReportReporter -->
<testsuite hostname="Admin" name="Testcases.AssetExpensesTestcase" tests="1" failures="0" timestamp="20 Sep 2017 09:13:07 GMT" time="199.750" errors="0">
  <testcase name="loginPageText" time="199.750" classname="Testcases.AssetExpensesTestcase"/>
</testsuite> <!-- Testcases.AssetExpensesTestcase -->
