<?xml version="1.0" encoding="UTF-8"?>
<!-- Generated by org.testng.reporters.JUnitReportReporter -->
<testsuite hostname="DESKTOP" name="Testcases.Assets_Testcases" tests="6" failures="0" timestamp="7 Aug 2018 13:58:00 GMT" time="353.379" errors="0">
  <testcase name="createItemClass" time="14.607" classname="Testcases.Assets_Testcases"/>
  <testcase name="createSKUItems" time="115.036" classname="Testcases.Assets_Testcases"/>
  <testcase name="wareHouseTest" time="92.155" classname="Testcases.Assets_Testcases"/>
  <testcase name="assetPoolTest" time="86.198" classname="Testcases.Assets_Testcases"/>
  <testcase name="itemType" time="18.466" classname="Testcases.Assets_Testcases"/>
  <testcase name="itemSubType" time="26.917" classname="Testcases.Assets_Testcases"/>
</testsuite> <!-- Testcases.Assets_Testcases -->
