<?xml version="1.0" encoding="UTF-8"?>
<!-- Generated by org.testng.reporters.JUnitReportReporter -->
<testsuite hostname="DESKTOP" name="Testcases.Warehouse_Testcase" tests="1" failures="0" timestamp="3 Aug 2018 06:47:31 GMT" time="81.841" errors="0">
  <testcase name="wareHouseTest" time="81.841" classname="Testcases.Warehouse_Testcase"/>
</testsuite> <!-- Testcases.Warehouse_Testcase -->
