<?xml version="1.0" encoding="UTF-8"?>
<!-- Generated by org.testng.reporters.JUnitReportReporter -->
<testsuite hostname="DESKTOP-8R10FF9" name="Testcases.AssetBundlesTestcase" tests="1" failures="0" timestamp="19 Jul 2018 13:27:12 GMT" time="15.525" errors="0">
  <testcase name="loginPageText" time="15.525" classname="Testcases.AssetBundlesTestcase"/>
</testsuite> <!-- Testcases.AssetBundlesTestcase -->
