<?xml version="1.0" encoding="UTF-8"?>
<!-- Generated by org.testng.reporters.JUnitReportReporter -->
<testsuite hostname="DESKTOP" name="Testcases.PurchaseOrder_Testcase" tests="1" failures="0" timestamp="27 Jul 2018 13:27:18 GMT" time="106.322" errors="0">
  <testcase name="purchageOrderTest" time="106.322" classname="Testcases.PurchaseOrder_Testcase"/>
</testsuite> <!-- Testcases.PurchaseOrder_Testcase -->
