<?xml version="1.0" encoding="UTF-8"?>
<!-- Generated by org.testng.reporters.JUnitReportReporter -->
<testsuite hostname="DESKTOP" name="Testcases.Purchase_Order_TestCase" tests="1" failures="0" timestamp="27 Jul 2018 11:43:29 GMT" time="77.667" errors="0">
  <testcase name="purchageOrderTest2" time="77.667" classname="Testcases.Purchase_Order_TestCase"/>
</testsuite> <!-- Testcases.Purchase_Order_TestCase -->
