<?xml version="1.0" encoding="UTF-8"?>
<!-- Generated by org.testng.reporters.JUnitReportReporter -->
<testsuite hostname="Admin" name="Testcases.OwnershipTestcase" tests="1" failures="0" timestamp="20 Sep 2017 09:48:08 GMT" time="247.443" errors="0">
  <testcase name="loginPageText" time="247.443" classname="Testcases.OwnershipTestcase"/>
</testsuite> <!-- Testcases.OwnershipTestcase -->
