<?xml version="1.0" encoding="UTF-8"?>
<!-- Generated by org.testng.reporters.JUnitReportReporter -->
<testsuite hostname="DESKTOP" name="Testcases.PO_Test" tests="1" failures="0" timestamp="30 Jul 2018 06:49:01 GMT" time="33.551" errors="0">
  <testcase name="purchageOrderTest2" time="33.551" classname="Testcases.PO_Test"/>
</testsuite> <!-- Testcases.PO_Test -->
