<?xml version="1.0" encoding="UTF-8"?>
<!-- Generated by org.testng.reporters.JUnitReportReporter -->
<testsuite hostname="Admin" name="Testcases.WarrantyContractTestcase" tests="1" failures="0" timestamp="20 Sep 2017 07:07:54 GMT" time="99.464" errors="0">
  <testcase name="loginPageText" time="99.464" classname="Testcases.WarrantyContractTestcase"/>
</testsuite> <!-- Testcases.WarrantyContractTestcase -->
