<?xml version="1.0" encoding="UTF-8"?>
<!-- Generated by org.testng.reporters.JUnitReportReporter -->
<testsuite hostname="Admin" name="Testcases.ProcureInventoryPageTestcase" tests="1" failures="0" timestamp="20 Sep 2017 07:24:28 GMT" time="350.849" errors="0">
  <testcase name="loginPageText" time="350.849" classname="Testcases.ProcureInventoryPageTestcase"/>
</testsuite> <!-- Testcases.ProcureInventoryPageTestcase -->
