<?xml version="1.0" encoding="UTF-8"?>
<!-- Generated by org.testng.reporters.JUnitReportReporter -->
<testsuite hostname="DESKTOP-8R10FF9" name="Testcases.MaintenanceContractTestcase" tests="1" failures="0" timestamp="28 Dec 2017 10:21:02 GMT" time="308.216" errors="0">
  <testcase name="CreateMaintenanceContract" time="308.216" classname="Testcases.MaintenanceContractTestcase"/>
</testsuite> <!-- Testcases.MaintenanceContractTestcase -->
