<?xml version="1.0" encoding="UTF-8"?>
<!-- Generated by org.testng.reporters.JUnitReportReporter -->
<testsuite hostname="DESKTOP" name="com.issquared.TestCases.ASSETS_Testcase" tests="1" failures="0" timestamp="26 Dec 2018 09:58:00 GMT" time="53.222" errors="0">
  <testcase name="testCustomers" time="53.222" classname="com.issquared.TestCases.ASSETS_Testcase"/>
</testsuite> <!-- com.issquared.TestCases.ASSETS_Testcase -->
