<?xml version="1.0" encoding="UTF-8"?>
<!-- Generated by org.testng.reporters.JUnitReportReporter -->
<testsuite hostname="Admin" name="Testcases.ManageAssetsTestcase" tests="1" failures="0" timestamp="20 Sep 2017 09:02:31 GMT" time="363.155" errors="0">
  <testcase name="loginPageText" time="363.155" classname="Testcases.ManageAssetsTestcase"/>
</testsuite> <!-- Testcases.ManageAssetsTestcase -->
