<?xml version="1.0" encoding="UTF-8"?>
<!-- Generated by org.testng.reporters.JUnitReportReporter -->
<testsuite hostname="DESKTOP-8R10FF9" name="Testcases.WarehousesTestcase" tests="1" failures="0" timestamp="21 Mar 2018 05:38:54 GMT" time="80.287" errors="0">
  <testcase name="passdata" time="80.287" classname="Testcases.WarehousesTestcase"/>
</testsuite> <!-- Testcases.WarehousesTestcase -->
