<?xml version="1.0" encoding="UTF-8"?>
<!-- Generated by org.testng.reporters.JUnitReportReporter -->
<testsuite hostname="DESKTOP" name="Testcases.PO" tests="1" failures="0" timestamp="27 Jul 2018 11:33:34 GMT" time="29.783" errors="0">
  <testcase name="purchageOrderTest2" time="29.783" classname="Testcases.PO"/>
</testsuite> <!-- Testcases.PO -->
