<?xml version="1.0" encoding="UTF-8"?>
<!-- Generated by org.testng.reporters.JUnitReportReporter -->
<testsuite hostname="Admin" name="Testcases.AssetClassTestCase" tests="1" failures="0" timestamp="20 Sep 2017 08:54:50 GMT" time="393.498" errors="0">
  <testcase name="loginPageText" time="393.498" classname="Testcases.AssetClassTestCase"/>
</testsuite> <!-- Testcases.AssetClassTestCase -->
