<?xml version="1.0" encoding="UTF-8"?>
<!-- Generated by org.testng.reporters.JUnitReportReporter -->
<testsuite hostname="DESKTOP" name="Testcases.Purchase_Order1" tests="1" failures="0" timestamp="1 Aug 2018 12:07:30 GMT" time="70.088" errors="0">
  <testcase name="PurchaseOrder" time="70.088" classname="Testcases.Purchase_Order1"/>
</testsuite> <!-- Testcases.Purchase_Order1 -->
