<?xml version="1.0" encoding="UTF-8"?>
<!-- Generated by org.testng.reporters.JUnitReportReporter -->
<testsuite hostname="DESKTOP-8R10FF9" name="Testcases.WAREHOUSES_TESTCASE" tests="2" failures="0" timestamp="19 Jul 2018 11:04:39 GMT" time="140.726" errors="0">
  <testcase name="wareHouseTest" time="73.268" classname="Testcases.WAREHOUSES_TESTCASE"/>
  <testcase name="assetPoolTest" time="67.458" classname="Testcases.WAREHOUSES_TESTCASE"/>
</testsuite> <!-- Testcases.WAREHOUSES_TESTCASE -->
