<?xml version="1.0" encoding="UTF-8"?>
<!-- Generated by org.testng.reporters.JUnitReportReporter -->
<testsuite hostname="DESKTOP-8R10FF9" name="Testcases.Assetpool_Testcase" tests="1" failures="0" timestamp="19 Jul 2018 10:35:16 GMT" time="70.155" errors="0">
  <testcase name="assetPoolTest" time="70.155" classname="Testcases.Assetpool_Testcase"/>
</testsuite> <!-- Testcases.Assetpool_Testcase -->
