<?xml version="1.0" encoding="UTF-8"?>
<!-- Generated by org.testng.reporters.JUnitReportReporter -->
<testsuite hostname="DESKTOP" name="Testcases.WORKFLOW_Testcase" tests="2" failures="0" timestamp="1 Aug 2018 12:07:30 GMT" time="78.451" errors="0">
  <testcase name="WorkflowRequest_7Level" time="43.111" classname="Testcases.WORKFLOW_Testcase"/>
  <testcase name="Recertification" time="35.340" classname="Testcases.WORKFLOW_Testcase"/>
</testsuite> <!-- Testcases.WORKFLOW_Testcase -->
