<?xml version="1.0" encoding="UTF-8"?>
<!-- Generated by org.testng.reporters.JUnitReportReporter -->
<testsuite hostname="Admin" name="Testcases.InsuranceContractsTestcase" tests="1" failures="0" timestamp="20 Sep 2017 07:00:01 GMT" time="94.477" errors="0">
  <testcase name="loginPageText" time="94.477" classname="Testcases.InsuranceContractsTestcase"/>
</testsuite> <!-- Testcases.InsuranceContractsTestcase -->
